** Simulated Annealing  on  DTLZ_7 **  
1.083357e+01 ???+???+?+?.???++.+?+?.?++...+.?..+.???++?+.+...+  
1.083357e+01 .?+++!.......!....!!+...+.+...+.......!.??.??+++.?  
Early Termination in era :  2.0  
  
Best Denormalized Energy =  9.9995331096  
At x =  (0.031744399441637206, 0.1789771228239846, 0.03602338498992885, 0.10934008624196245, 0.2758898287949425, 0.6146727007350734, 0.11252443715066751, 0.8956155320443971, 0.23509114147824794, 0.8483932934839943)  
  
  
  
** MaxWalkSAT  on  DTLZ_7 **  
1.444968e+01 ++.?++?+....+.+?.?..++++.+..++...?.....+.+.++++.+.  
5.180549e+00 ....+..?+..?+?.+++++..+....+..?+++......?...++...+  
Early Termination in era :  2.0  
4.721360e+00 ?.++++.?+?++??++++?++..+.??+?+?++?.+?+?+++++.  
Best Denormalized Energy =  4.72136022679  
At x =  (0.27327899431505565, 0, 0, 0, 0, 0, 0, 0, 0.20889244088406578, 0)  
Evals =  1124  
  
  
  
** Differential Evolution  on  DTLZ_7 **  
1.000034e+01 .+++.....+..+.....+.....+..+....+.+...+.++...+.+..  
1.000034e+01 .+...+.+.+..+..+.+.+...+...+..+..+.+..++..?.......  
Early Termination in era :  2  
  
Best Denormalized Energy =  9.59045416053  
At x =  (0.8222111440449, 0.28157240393939736, 0.44300231211948815, 0.14369309636882188, 0.20042172613738768, 0.26507324498365853, 0.829754229873439, 0.15210613296190453, 0.08310504364348209, 0.33914520372323703)  
  
  
  
** Simulated Annealing  on  DTLZ_7 **  
1.244516e+01 ?+?!?!!+?++!???++.++!+!?.++++!?.+?+++.+.+..+?....  
1.047830e+01 .?++.!!?++!+.....??..++.?+..?..++!+.???..?...+.+++  
Early Termination in era :  2.0  
  
Best Denormalized Energy =  9.16263503631  
At x =  (0.2377089922765715, 0.45624598523753535, 0.7388092222618177, 0.4089047305208815, 0.20598152793141244, 0.06865007687433233, 0.10572079939540713, 0.2981708627101639, 0.07174772679819674, 0.37973879846315073)  
  
  
  
** MaxWalkSAT  on  DTLZ_7 **  
1.304614e+01 .+++??..?...+......++?.+.?++..+.+.?..?.+?+?+.+..+.  
4.698346e+00 +.+..+..?.+?..??..?.++....+..???.++..?+..+++++....  
Early Termination in era :  2.0  
4.698346e+00 ++?+.+?+.?+.++++??+++.++++++++.+??.?.+.+..+++  
Best Denormalized Energy =  4.69834575583  
At x =  (0, 0, 0, 0, 0.06794209982045063, 0, 0.3089718292539112, 0, 0, 0.011055935273359907)  
Evals =  2072  
  
  
  
** Differential Evolution  on  DTLZ_7 **  
8.444587e+00 +.+.....++.++...+.+..+..............+........+....  
Early Termination in era :  1  
  
Best Denormalized Energy =  8.44458720532  
At x =  (0.1332766943293261, 0.10653665475622542, 0.5971266863056843, 0.4078084398284193, 0.6422870610294836, 0.04186901213806826, 0.07018574554403312, 0.23892236912679177, 0.1899824490595341, 0.11162648289860999)  
  
  
  
** Simulated Annealing  on  DTLZ_7 **  
1.020469e+01 !???++?+????+++?+?.+!.+!!...?+?..+?+?+....+.!.+..  
7.963785e+00 .?+??+..?++..+..?+.+!.?..++?+!..?.+....?...?++....  
Early Termination in era :  2.0  
  
Best Denormalized Energy =  7.66392923778  
At x =  (0.01436660872168738, 0.009042938876833051, 0.08071616594611908, 0.2078762399898777, 0.5763605035178578, 0.8462724673732104, 0.0023271162022958647, 0.09548879118223674, 0.08873565978933473, 0.11540715738572915)  
  
  
  
** MaxWalkSAT  on  DTLZ_7 **  
1.126754e+01 ??.+..+.++.++...+.+.?++.+..?..+...?.....+?+..+++..  
5.014240e+00 ......+.......?+++.+..+?..+.+.+..+..+..+++....+...  
Early Termination in era :  2.0  
4.789100e+00 +...+?.++?+?.+?++?.++++??+++.++.+?.+.+..++++?  
Best Denormalized Energy =  4.78910012471  
At x =  (0, 0.23460034327842083, 0, 0.134889136377784, 0, 0, 0, 0, 0.06889947851557487, 0)  
Evals =  3042  
  
  
  
** Differential Evolution  on  DTLZ_7 **  
9.109070e+00 ..+.+..+.+........+.+.++....+........+.++.+.......  
Early Termination in era :  1  
  
Best Denormalized Energy =  9.10906998258  
At x =  (0.12122623831076107, 0.07514760760965944, 0.35291807613678616, 0.4448081207578217, 0.34708791601279154, 0.5513382227505674, 0.25300742165065204, 0.315649624167337, 0.19395730301693015, 0.24449721789958945)  
  
  
  
** Simulated Annealing  on  DTLZ_7 **  
1.245652e+01 ???++!!?..++?!??.++!.?++?+.++?+?..++.?!?!+?+....!  
1.075993e+01 .!..??+..++++.!+.?.?+.!.....?+++?...++.+!.+...+...  
Early Termination in era :  2.0  
  
Best Denormalized Energy =  9.62805289376  
At x =  (0.7371501575291676, 0.3171630186316593, 0.6500555163475458, 0.061308516357166165, 0.1433660507861153, 0.13315420960187374, 0.2593817337815537, 0.8354605964835269, 0.1221148154041235, 0.12001587865530627)  
  
  
  
** MaxWalkSAT  on  DTLZ_7 **  
1.220844e+01 +.+?..+++..+?+.+....+..+...?++.++.+.....+.++++.+..  
5.669439e+00 +.....+..++.+...++...+.??+.?.??+?.++++.+..?.+.....  
Early Termination in era :  2.0  
4.821863e+00 ?..+.?++.?++.+??..??+++.+++++?++++??.+..?..+?  
Best Denormalized Energy =  4.82186280195  
At x =  (0, 0, 0.02023400313525192, 0, 0, 0, 0, 0.10539459546122354, 0.33096184693042086, 0)  
Evals =  4034  
  
  
  
** Differential Evolution  on  DTLZ_7 **  
9.145279e+00 ....+.+........+..+.............+.+...+..+.......+  
Early Termination in era :  1  
  
Best Denormalized Energy =  9.14527878154  
At x =  (0.8292375507033714, 0.33272762097924247, 0.15681518759878965, 0.394325239745573, 0.1645185341172528, 0.9392701061044587, 0.047532447760760266, 0.08151722861904287, 0.11431957933617198, 0.25856905204270797)  
  
  
  
** Simulated Annealing  on  DTLZ_7 **  
1.113119e+01 ???+?++??+?+?.++??++.?.???+++?.?!+?.+..?..?++++.?  
1.112928e+01 +++++...?.!+..!!.+++?.+.+?+.+?!..+!..+++...!+....?  
Early Termination in era :  2.0  
  
Best Denormalized Energy =  9.05091440562  
At x =  (0.2827024938745164, 0.1963718260754812, 0.29672795260603047, 0.013886902080821217, 0.10354201910398464, 0.4249818709365234, 0.31210600430095814, 0.9974650083033128, 0.010856593968480044, 0.23955599038341968)  
  
  
  
** MaxWalkSAT  on  DTLZ_7 **  
1.506253e+01 .+++.+.+....+..+.+..+?..++.?++?+...+....+.++..+.?.  
4.520118e+00 ..+.+..+..++++....++.?.?.+....+..++.....?+?...??..  
Early Termination in era :  2.0  
4.520118e+00 .++.+++?+?++????+++?+.+.++?+.??++..+++.?++?+.  
Best Denormalized Energy =  4.52011807725  
At x =  (0, 0.1361903357696317, 0, 0, 0, 0, 0, 0, 0, 0.1527641515918644)  
Evals =  5037  
  
  
  
** Differential Evolution  on  DTLZ_7 **  
1.086781e+01 .?..+..+.....?+.......+....+..+.....+.+...+......+  
Early Termination in era :  1  
  
Best Denormalized Energy =  9.80066048732  
At x =  (0.13353175887881252, 0.15426669471498955, 0.4033058343873578, 0.012756501760140537, 0.18404696848101088, 0.3014080234427775, 0.9720967132297997, 0.2437683988560011, 0.5428375857153854, 0.34516689960370617)  
  
  
  
** Simulated Annealing  on  DTLZ_7 **  
1.293895e+01 ?+!?+??+?++??+?.??+?+++.!++..+.!+!!.?.!?+....?+?+  
1.101684e+01 ..++..?.!+?...+!..?....++.++.?!...!......+..+.....  
Early Termination in era :  2.0  
  
Best Denormalized Energy =  9.68157141374  
At x =  (0.37461348623268476, 0.18972262690881048, 0.7096874059922522, 0.489836633455212, 0.09211498759191972, 0.07434266307577497, 0.6758169811787174, 0.32536540686385695, 0.1452239222718429, 0.0007618611310037382)  
  
  
  
** MaxWalkSAT  on  DTLZ_7 **  
1.650618e+01 +++.+.+..??.++......?+...+.?+.+...?...++.+??++..++  
6.075077e+00 +.?++.....++.+++.....?...+....+?+?+??...+.++....+.  
Early Termination in era :  2.0  
5.336195e+00 +?+++?+?++.+??+.?..?+.++..++?+?.?.++?.++??++.  
Best Denormalized Energy =  5.33619486529  
At x =  (0, 0, 0.7305971723439142, 0, 0, 0.011733308373662377, 0, 0, 0, 0)  
Evals =  5985  
  
  
  
** Differential Evolution  on  DTLZ_7 **  
8.453862e+00 ...+..++.......++..........+.+....+..+.+.......+..  
Early Termination in era :  1  
  
Best Denormalized Energy =  8.45386226558  
At x =  (0.28379430426168717, 0.011495747964832104, 0.5288670889836053, 0.37679721301034763, 0.11551921817842481, 0.22708738184237987, 0.6616821373576798, 0.2025599320197704, 0.027792499555350347, 0.10973914202494917)  
  
  
  
** Simulated Annealing  on  DTLZ_7 **  
1.312152e+01 !+!???+?++?+??.+?+?+..++.!..+!!+?++.!+..?..+++??+  
1.067208e+01 .?.?+!..+??..+?.+!!.+...+?!+..+.+...!??+.!.!..+...  
Early Termination in era :  2.0  
  
Best Denormalized Energy =  8.29589209467  
At x =  (0.0879505039166576, 0.1169678385510623, 0.34174374055159396, 0.45078992800744244, 0.4965647356039007, 0.19090368812510594, 0.3388676957312349, 0.024394676886071442, 0.003274236116570184, 0.371170195610691)  
  
  
  
** MaxWalkSAT  on  DTLZ_7 **  
1.484868e+01 ++?...?.++.+??+.....++?..?..?+...+.+++..++..+.++.+  
4.976015e+00 +.....+...?.?+???.?+.+.?...+..+.+..+..+..+?....+.+  
Early Termination in era :  2.0  
4.976015e+00 .+?+?.?.+++???+..?+++?+?.+?.?++.++?..+++++?.?  
Best Denormalized Energy =  4.9760153799  
At x =  (0, 0, 0, 0, 0, 0, 0.2432225336395505, 0.005000141123406743, 0.29400809184610066, 0)  
Evals =  6867  
  
  
  
** Differential Evolution  on  DTLZ_7 **  
1.076849e+01 +.......?.....+...+++......++.+..+.?.++..+....+..+  
Early Termination in era :  1  
  
Best Denormalized Energy =  9.22942340476  
At x =  (0.4534744256259199, 0.1552890973817601, 0.2032659120716176, 0.30198013962230685, 0.023685498557845908, 0.1754652669728438, 0.45000753144965755, 0.2493200227614153, 0.4570371791559844, 0.20761442025037083)  
  
  
  
** Simulated Annealing  on  DTLZ_7 **  
1.156276e+01 ?+??+??+!?+???+.++?..+!...?+!+.?+?+...!?!..+??+??  
9.473155e+00 .++.?..+..+.+..?..?..+.!+..?.??...+.++.?+.?.?+++++  
Early Termination in era :  2.0  
  
Best Denormalized Energy =  8.43139740948  
At x =  (0.032515044943860816, 0.18210387997659194, 0.3987873017807354, 0.8849676791453728, 0.3028786442708067, 0.35962281291847265, 0.038886541383294726, 0.06286802285779447, 0.0316331844733545, 0.1730737357937805)  
  
  
  
** MaxWalkSAT  on  DTLZ_7 **  
1.517923e+01 ++?+.+.+??+....+....++?+?+..+...+?......+.+...+.++  
7.320876e+00 ..+.......?...+.?.+.?...??..???++.....+?+...+.....  
Early Termination in era :  2.0  
4.766890e+00 ++..+???.?.?.?+.+++.+.+..++++?.+...?+++?..??+  
Best Denormalized Energy =  4.7668901291  
At x =  (0.050652841725969844, 0.06771425213161908, 0, 0, 0.29409093315560164, 0, 0.024202715040055223, 0, 0, 0.0023188652899160944)  
Evals =  7727  
  
  
  
** Differential Evolution  on  DTLZ_7 **  
1.040641e+01 .......+.......+.+....++................+...+.++.+  
Early Termination in era :  1  
  
Best Denormalized Energy =  10.4064140231  
At x =  (0.598129633530034, 0.8096018247279632, 0.18297366172142793, 0.43748852745979994, 0.2711830198603272, 0.305258218503213, 0.23297795397832777, 0.10330337316689153, 0.08315918169310066, 0.33501753574516746)  
  
  
  
** Simulated Annealing  on  DTLZ_7 **  
1.033787e+01 ??+?+???+??+++++?.+?+.++??++?+?++?.?++...+.+++.!.  
9.654260e+00 ...!++++..?.+.+......?.+.++?.+.+.+?++?..+.??.....+  
Early Termination in era :  2.0  
  
Best Denormalized Energy =  9.53867217112  
At x =  (0.4962433249276531, 0.020991078257126206, 0.1458768195074338, 0.3271831590926787, 0.42794507302700713, 0.033817981410088405, 0.42942209601503956, 0.09408378685729724, 0.21348379606309453, 0.6124750249787099)  
  
  
  
** MaxWalkSAT  on  DTLZ_7 **  
1.340560e+01 .+++..+.?+.++.+......+..?++.....+++.....+.?+?+.+..  
5.028241e+00 ?.+.....+.+?.++?+?..+...+..+..?+?.+?..?......+..?+  
Early Termination in era :  2.0  
4.759907e+00 +.?.+?+..++.++.?++?++.?.+?+?.+..+.++.+???++++  
Best Denormalized Energy =  4.75990726579  
At x =  (0, 0.2900702246546424, 0.11302756819714599, 0, 0, 0, 0, 0.019072910364908546, 0, 0)  
Evals =  8631  
  
  
  
** Differential Evolution  on  DTLZ_7 **  
8.313455e+00 ...+............++......++...+.+.+.+.....+..++++..  
Early Termination in era :  1  
  
Best Denormalized Energy =  8.3134552924  
At x =  (0.014942085942566408, 0.23970855168722227, 0.3571116228055383, 0.3658388003858666, 0.6268993364569082, 0.02658075682052574, 0.48569108458994525, 0.032755196417183274, 0.015010650775876933, 0.23299112299156455)  
  
  
  
** Simulated Annealing  on  DTLZ_7 **  
1.373317e+01 !??++!??++.?+!.++!.++?.?++..+?.+!.??.....+.!?...?  
9.849205e+00 ?.+++.++!...+?.+..+..?..+....??+?++.+..++.+.+....+  
Early Termination in era :  2.0  
  
Best Denormalized Energy =  8.59472703546  
At x =  (0.12399097527640912, 0.11268442473051499, 0.05280712414749589, 0.26236537436873675, 0.5395746376875099, 0.01015139880729865, 0.5387589705665072, 0.1296740831718426, 0.6738073137614734, 0.17219867069587835)  
  
  
  
** MaxWalkSAT  on  DTLZ_7 **  
1.238506e+01 +.+?++++..+..+...+..+..?+++.?++.....?+.+?+++...+++  
4.226435e+00 ++.......+?+?+++.?+....+.?.+.++.+.??..?++.+.......  
Early Termination in era :  2.0  
4.226435e+00 ++.?.??++++.++.+?+..+...?.??++.??+++.+..?+++?  
Best Denormalized Energy =  4.22643494056  
At x =  (0, 0, 0, 0.12579718920101102, 0, 0, 0, 0, 0, 0)  
Evals =  9601  
  
  
  
** Differential Evolution  on  DTLZ_7 **  
8.578773e+00 .....+++..++..+...+..+........+.++++......++...+..  
Early Termination in era :  1  
  
Best Denormalized Energy =  8.57877319454  
At x =  (0.20463151184537254, 0.21608350621631234, 0.2338517693784029, 0.3505712502524321, 0.07030747054290076, 0.7217898876170029, 0.04360380422039167, 0.05203998752453276, 0.10615308376722077, 0.65121471164947)  
  
  
  
** Simulated Annealing  on  DTLZ_7 **  
1.385465e+01 !?!????+????+++?.++.!!+?++.?++!.!+.+++?..!?+..?++  
1.098428e+01 ++..?!+!+!!+++..!.......?...+!..?++++.!..?..!..+..  
Early Termination in era :  2.0  
  
Best Denormalized Energy =  9.27156315109  
At x =  (0.07516828864503555, 0.6136948322890554, 0.10708518570967629, 0.023585164435745654, 0.47469150489061396, 0.40751019120017495, 0.43879129880230405, 0.4987969427071872, 0.30039038025966336, 0.016103792169890663)  
  
  
  
** MaxWalkSAT  on  DTLZ_7 **  
1.418012e+01 +++..??..+.+..+?+.+..?+?....+?....+.++...?+.+.++??  
4.541983e+00 ..+.+.....?+?.???+?...?..+?...++.+..+...?.++....+.  
Early Termination in era :  2.0  
4.541983e+00 +.+?++++?..+++.?.+++??..??+++.+++.++?++?+.??.  
Best Denormalized Energy =  4.54198321775  
At x =  (0, 0, 0, 0, 0.2738445860357538, 0, 0, 0, 0.027257201604883208, 0)  
Evals =  10472  
  
  
  
** Differential Evolution  on  DTLZ_7 **  
9.435223e+00 .....+....+.+.+....?+......++...+......+.....+....  
Early Termination in era :  1  
  
Best Denormalized Energy =  9.05237791058  
At x =  (0.7560581063410178, 0.07772793737080397, 0.8217715045307125, 0.205886907640632, 0.20976644510819498, 0.32036318943351105, 0.060243735789475394, 0.37544894757926106, 0.27287215274089816, 0.020210204678393406)  
  
  
  
** Simulated Annealing  on  DTLZ_7 **  
1.351446e+01 ?!!!+????+++?++.?+?++++!++?.+!?+!+...??+..!?+?+++  
1.006194e+01 ?++?++...?+++?+..+!...+??+.+...+.?..+.?..+...+.+?+  
Early Termination in era :  2.0  
  
Best Denormalized Energy =  9.81457477243  
At x =  (0.9293597886263176, 0.08528930403925528, 0.2880861157014386, 0.13741269144262758, 0.6377580387037285, 0.7317450101514718, 0.0779322630192093, 0.11020633261359547, 0.44093611570370994, 0.11050013641337919)  
  
  
  
** MaxWalkSAT  on  DTLZ_7 **  
1.209056e+01 ?++.+...+.+..++.+?.?+.??.+..+..+.......+?+?+...+..  
5.389770e+00 +..++........++++...+..+........++.+...?.+.....?..  
Early Termination in era :  2.0  
5.389770e+00 ++++?+.+??+?+.?+???++.++.+?+.+?+...?.?..++??+  
Best Denormalized Energy =  5.38976993287  
At x =  (0, 0, 0, 0, 0, 0, 0, 0.31793757842731085, 0.45415682872239727, 0)  
Evals =  11365  
  
  
  
** Differential Evolution  on  DTLZ_7 **  
9.998953e+00 ..++.+.?...+.++.+++..+.++...........+.+......++...  
Early Termination in era :  1  
  
Best Denormalized Energy =  9.87714060881  
At x =  (0.45156096782431376, 0.2674031943468327, 0.0036814021586104584, 0.16176167561280463, 0.4864471696190106, 0.1868057236235634, 0.17122401702325918, 0.7875299658133222, 0.38818056975932747, 0.13530782023996651)  
  
  
  
** Simulated Annealing  on  DTLZ_7 **  
1.343899e+01 ?+?+?!?+?+!??+?++!?+!...?+++?+!+!+??+!!++++.+?..+  
9.485310e+00 +.!?..??..??+.?.++.+..+.?...+?.+.+.+.+.+.?++......  
Early Termination in era :  2.0  
  
Best Denormalized Energy =  9.1202939794  
At x =  (0.16408096135629702, 0.05152091389776414, 0.23900707873677796, 0.10311106800235958, 0.5926908079156452, 0.0658132672444729, 0.6218849093259997, 0.8272523841015147, 0.1878633012253429, 0.08251209751972344)  
  
  
  
** MaxWalkSAT  on  DTLZ_7 **  
1.132323e+01 ?+?.+..+.+.......+.+?.?..??++.+++++........+.?++..  
4.863381e+00 +?++....+.?+.++..+.+.?+.+.......+++.......?++...+.  
Early Termination in era :  2.0  
4.160518e+00 +.++?.++??+?++???+?.+..+++...+?..++??+?..+?+.  
Best Denormalized Energy =  4.16051837448  
At x =  (0, 0.03768913389071238, 0.017342605571077585, 0, 0, 0, 0, 0, 0.03414513524952034, 0)  
Evals =  12247  
  
  
  
** Differential Evolution  on  DTLZ_7 **  
9.419250e+00 ......+....+..+.++..................+.............  
Early Termination in era :  1  
  
Best Denormalized Energy =  9.41924962849  
At x =  (0.6634194985874912, 0.010214137140158841, 0.40169350886051813, 0.0871896089162233, 0.002992102294034127, 0.5712751813270287, 0.47579997606818225, 0.12607979822894455, 0.20533741928468197, 0.45541522189962014)  
  
  
  
** Simulated Annealing  on  DTLZ_7 **  
1.164172e+01 !!?!?+??+?.?+++..+??.+..+.?+.++..?..!????++?+.+++  
1.002402e+01 +?.?+.+.++..+?.??.+.+?++?+.+..?.+++!..!.??+.++.?++  
Early Termination in era :  2.0  
  
Best Denormalized Energy =  9.04883438386  
At x =  (0.22744064616562631, 0.10554428383986458, 0.439712748256497, 0.29666049792038085, 0.15749244237933369, 0.6706755034130418, 0.01530209415134376, 0.7979033995321984, 0.13957568866598025, 0.06078980083780883)  
  
  
  
** MaxWalkSAT  on  DTLZ_7 **  
1.413767e+01 ++..?+++...++.......??++..??....+...+..??++......?  
5.629347e+00 ....+.?++.?++.+.+..++..+......++++?+.+..?..+....+.  
Early Termination in era :  2.0  
5.629347e+00 ?+?.+?++++++++++.?++?+?...??...++++?.+++...+?  
Best Denormalized Energy =  5.62934672273  
At x =  (0.22903002362247682, 0, 0, 0.33623007434143504, 0.4458187554590801, 0, 0, 0, 0, 0)  
Evals =  13228  
  
  
  
** Differential Evolution  on  DTLZ_7 **  
9.746465e+00 ...+.....+..+?.++.......+....+..........+++.+..+++  
Early Termination in era :  1  
  
Best Denormalized Energy =  9.31320454139  
At x =  (0.012173629109723416, 0.018277284401036348, 0.30095777354447645, 0.03230633311650499, 0.1035132248735271, 0.743215681014618, 0.5860537764233746, 0.9165653037397815, 0.22668697560237736, 0.012804576596393447)  
  
  
  
** Simulated Annealing  on  DTLZ_7 **  
1.161248e+01 ???+????++?.?+?++++?+.+?.+!!+++?+??++?!+?.+?++.+.  
1.079911e+01 ?+.+.+!....+?+.?+!?.+.!+?+..??.+?...++++.!........  
Early Termination in era :  2.0  
  
Best Denormalized Energy =  9.14715088197  
At x =  (0.7900861975972612, 0.7575258266179551, 0.012277081762706588, 0.2781169371183968, 0.32827583397450877, 0.2744661776586599, 0.28988491639759295, 0.1842832350017113, 0.05086823603498125, 0.2967215682858857)  
  
  
  
** MaxWalkSAT  on  DTLZ_7 **  
1.132586e+01 +.?.+.++.+?..+...+..+++.+..++.........+.?+..?..?+.  
5.870243e+00 ++.+....?.++.+??+..++...?..?.+???..+.+?++?+.......  
Early Termination in era :  2.0  
5.309354e+00 ??.++?+?++++?++?.?.+++?+++.+++.+??.++++++.++?  
Best Denormalized Energy =  5.30935360859  
At x =  (0, 0.16355753008227414, 0, 0, 0.18646312401859166, 0.009383250684298461, 0.015554657441902209, 0, 0.35246010921275683, 0)  
Evals =  14253  
  
  
  
** Differential Evolution  on  DTLZ_7 **  
7.713411e+00 ....+.+.......+.....+....+..++...+.+..+....++....+  
Early Termination in era :  1  
  
Best Denormalized Energy =  7.71341126426  
At x =  (0.22173986638727394, 0.07146859178664688, 0.5917518723684331, 0.30533322093897364, 0.27242587013084396, 0.019868190670672026, 0.42489398656744126, 0.01739810314517154, 0.16854081940917842, 0.07654929021464807)  
  
  
  
** Simulated Annealing  on  DTLZ_7 **  
1.272628e+01 ?!?++????++++!?+?+?++?++?!!?+!+.?.+...++.!.++.!+!  
9.768460e+00 +!..+.+..+!??+++.....!?+.?..+?+...+.!.?..+++.+..+!  
Early Termination in era :  2.0  
  
Best Denormalized Energy =  8.55282295506  
At x =  (0.7587410644325133, 0.10116462299938878, 0.34719399742511603, 0.441101914918719, 0.03546877449894115, 0.03531512220398669, 0.3670227525756361, 0.5061137008575093, 0.17190908641085756, 0.08689312993145992)  
  
  
  
** MaxWalkSAT  on  DTLZ_7 **  
1.413910e+01 ?.+.+++.+....+...+..?++.??.+.?+...+++...++.??++.+.  
4.975942e+00 +??....?..??++....?.+.++...+?+..+..??...+++..+.+..  
Early Termination in era :  2.0  
4.975942e+00 ++.++?+...+++++.+.+??.?+..++.++?++..??.+..+++  
Best Denormalized Energy =  4.97594189826  
At x =  (0, 0.22193675659710677, 0.012569817583687914, 0.30768336929720685, 0, 0, 0, 0, 0, 0)  
Evals =  15190  
  
  
  
** Differential Evolution  on  DTLZ_7 **  
1.000341e+01 .....+.+++.+...........+.......++....++.....?+.+..  
Early Termination in era :  1  
  
Best Denormalized Energy =  9.86055225935  
At x =  (0.017429889533952803, 0.3336086533984413, 0.5288960832311177, 0.8223284719914767, 0.2797272885034654, 0.19014447584609306, 0.09587655637360162, 0.3255908716091206, 0.3439591489171959, 0.31988448080696363)  
  
  
  
** Simulated Annealing  on  DTLZ_7 **  
1.376046e+01 !!??+?+?++?.?++?+++.?.+.?.?+?++++.?+?+?++?.+.++.!  
1.194745e+01 .?++++!+!??+..+...+..!+?.!..++++.+++..!+.!!...+..+  
Early Termination in era :  2.0  
  
Best Denormalized Energy =  8.58178595957  
At x =  (0.10575073694052017, 0.018236872944069504, 0.21863422459268356, 0.062149429245365706, 0.17295217194519896, 0.40049566737636466, 0.7553301488200792, 0.08600174189652765, 0.06847394798167794, 0.7067427195031999)  
  
  
  
** MaxWalkSAT  on  DTLZ_7 **  
1.089012e+01 .++++?++.....?.+....+?..+?+++..?..+.+.+.+?+??+.++?  
4.766626e+00 ..+...?.+.++.++.....+..?+.....?+?++.+.....++++.+..  
Early Termination in era :  2.0  
4.473920e+00 .+++...+.++??.?.??+++?+.+.??..?+.++?+++++..+.  
Best Denormalized Energy =  4.47391963888  
At x =  (0, 0.02072034767614106, 0, 0.1633133116991229, 0, 0, 0, 0.07925502889195923, 0, 0)  
Evals =  16149  
  
  
  
** Differential Evolution  on  DTLZ_7 **  
8.600923e+00 ..+.+.+....++.....++....+........++.......+.+...++  
Early Termination in era :  1  
  
Best Denormalized Energy =  8.60092250643  
At x =  (0.1424130186456063, 0.18220123375954222, 0.8126556361602411, 0.6261272795102204, 0.2200882288875915, 0.14328765989755898, 0.33831379625851166, 0.007473213860175298, 0.09416764197775429, 0.06640066373167197)  
  
  
  
** Simulated Annealing  on  DTLZ_7 **  
1.056952e+01 !?+???+++?++?????+++?..+...+?..?++?.++.?.?+?+!.!.  
9.479244e+00 .+!.!+??++.....++.?+..!++......++.+....!+??.?...+.  
Early Termination in era :  2.0  
  
Best Denormalized Energy =  7.66460283735  
At x =  (0.8017317829521332, 0.08856788737831334, 0.1334206255448076, 0.03422188467816967, 0.0950037827588529, 0.40680606686333876, 0.10303937865117596, 0.14925144741637408, 0.01991832566033458, 0.6297260442101954)  
  
  
  
** MaxWalkSAT  on  DTLZ_7 **  
1.316987e+01 +.?.+??.?++...+?....++.++..?....+..+?.+.++.+..+.?.  
5.753466e+00 ?.++....+.+.+..+.?...+..?+..?.+?+++..+?...?.+.....  
Early Termination in era :  2.0  
5.753466e+00 +.?++++?.++???.++?.+?++++++?+?++?.?+++.?+++++  
Best Denormalized Energy =  5.75346570996  
At x =  (0.27468668014510433, 0, 0, 0.20668861342216616, 0, 0.057763235155216086, 0, 0.16645252869919958, 0, 0.34867565989464677)  
Evals =  17185  
  
  
  
** Differential Evolution  on  DTLZ_7 **  
1.005325e+01 .......++..............+..++...+..+......+++......  
Early Termination in era :  1  
  
Best Denormalized Energy =  10.05325285  
At x =  (0.020838084389864564, 0.587823567072652, 0.13779053052198587, 0.33592071681366165, 0.2247490860300938, 0.4655065023664682, 0.12676595038701832, 0.6334660107819142, 0.3862091541641226, 0.4461076606364671)  
  
  
  
** Simulated Annealing  on  DTLZ_7 **  
1.338184e+01 ?!!?+?++!?!.?+??++.+?.??+?..+.++..+!?.+??++.???.+  
1.097403e+01 ?+!..+?.!??.?+.++.?+!+.+.!+.?+..?.?.+.....?.+.+...  
Early Termination in era :  2.0  
  
Best Denormalized Energy =  9.75478792623  
At x =  (0.9214073360304341, 0.36909216234194386, 0.4459122515632945, 0.010524792565581698, 0.4005255537003384, 0.026166512562382005, 0.22738185416308443, 0.08256401189544005, 0.7784814522667098, 0.28048319531538213)  
  
  
  
** MaxWalkSAT  on  DTLZ_7 **  
1.539241e+01 .+?..??.++.?..?.+..???+++?+++.?..+......+.+...?.+.  
6.009547e+00 ??.??.?...+?.?++....?+..+..?....+++..+.+.....?....  
Early Termination in era :  2.0  
5.801220e+00 +++?????+.++....+.+?.?+?++++++?.+??++???++.++  
Best Denormalized Energy =  5.80121953592  
At x =  (0, 0.018481436682468044, 0, 0, 0.39866292560570116, 0, 0.06464428389830446, 0.022462510660945623, 0, 0.49642636311043753)  
Evals =  18045  
  
  
  
** Differential Evolution  on  DTLZ_7 **  
1.010796e+01 .++.....+++...+......?...........+.+.........+..+.  
Early Termination in era :  1  
  
Best Denormalized Energy =  9.65093076048  
At x =  (0.10673182010506943, 0.32087544862764505, 0.6581441647254819, 0.41631274519222916, 0.02095179544703052, 0.12749565326011836, 0.2528038614089957, 0.8853145741596987, 0.12885419590295843, 0.2720060286707816)  
  
  
  
** Simulated Annealing  on  DTLZ_7 **  
1.193373e+01 ??++.??+!+?+!.?.+??+???.+?.++...+..+.!!..+.!+....  
9.847492e+00 ?++..+?+.+??..+?..+++!.?..+!+....+..!...?+.+.??+?.  
Early Termination in era :  2.0  
  
Best Denormalized Energy =  7.96514864347  
At x =  (0.0028439172035822358, 0.11525748664040614, 0.6497252707564142, 0.045124020194708625, 0.0021012288196270434, 0.4958760702760987, 0.040609381481309104, 0.3953325747863806, 0.28874965819801646, 0.16728309201946046)  
  
  
  
** MaxWalkSAT  on  DTLZ_7 **  
1.345641e+01 ??++++.+.........+..++++?......+....?+..??++?...+.  
5.875884e+00 .+...++...+?+..+?.+....+.+.+...+++?..+.+?...+.....  
Early Termination in era :  2.0  
5.110045e+00 +++.+.+?++.++.??+?++?+++++++++++?++++?+.+?.+?  
Best Denormalized Energy =  5.11004530443  
At x =  (0.21982436498506175, 0.19416364015448961, 0, 0, 0, 0, 0, 0.25366345310877647, 0.05615626418311459, 0)  
Evals =  19081  
  
  
  
** Differential Evolution  on  DTLZ_7 **  
9.577474e+00 .+..++..............+.....+++...+...+.+..+..+.++..  
Early Termination in era :  1  
  
Best Denormalized Energy =  9.57747416418  
At x =  (0.8914811743615667, 0.54761635204422, 0.4431034178384131, 0.27337493544225866, 0.4181191257974015, 0.21758659124983015, 0.2562384139278675, 0.16244678706770965, 0.31037408033794955, 0.0009924417876221447)  
  
  
  
  
rank ,         name ,    med   ,  iqr  
----------------------------------------------------  
1 ,          mws ,    4.81  ,  0.64 (  -*-          |              ), 4.70,  4.82,  5.34  
2 ,           sa ,    9.09  ,  1.08 (               |     --*--    ), 8.55,  9.12,  9.63  
2 ,           de ,    9.27  ,  1.20 (               |     ---*--   ), 8.60,  9.31,  9.80  
  
  
  
